d:\gmt\advanced graphics\gitsaves\raytracer0\raytracer7\x64\debug\vc140.pdb
d:\gmt\advanced graphics\gitsaves\raytracer0\raytracer7\x64\debug\myform.obj
d:\gmt\advanced graphics\gitsaves\raytracer0\raytracer7\x64\debug\algebra.obj
d:\gmt\advanced graphics\gitsaves\raytracer0\raytracer7\x64\debug\.netframework,version=v4.5.2.assemblyattributes.obj
d:\gmt\advanced graphics\gitsaves\raytracer0\raytracer7\x64\debug\.netframework,version=v4.5.2.assemblyattributes.asm
d:\gmt\advanced graphics\gitsaves\raytracer0\x64\debug\raytracer7.exe
d:\gmt\advanced graphics\gitsaves\raytracer0\x64\debug\raytracer7.pdb
d:\gmt\advanced graphics\gitsaves\raytracer0\raytracer7\x64\debug\raytracer7.myform.resources
d:\gmt\advanced graphics\gitsaves\raytracer0\raytracer7\x64\debug\raytracer7.vcxproj.generateresource.cache
d:\gmt\advanced graphics\gitsaves\raytracer0\raytracer7\x64\debug\raytracer7.vcxprojresolveassemblyreference.cache
d:\gmt\advanced graphics\gitsaves\raytracer0\raytracer7\x64\debug\raytracer7.tlog\cl.command.1.tlog
d:\gmt\advanced graphics\gitsaves\raytracer0\raytracer7\x64\debug\raytracer7.tlog\cl.read.1.tlog
d:\gmt\advanced graphics\gitsaves\raytracer0\raytracer7\x64\debug\raytracer7.tlog\cl.write.1.tlog
d:\gmt\advanced graphics\gitsaves\raytracer0\raytracer7\x64\debug\raytracer7.tlog\link.command.1.tlog
d:\gmt\advanced graphics\gitsaves\raytracer0\raytracer7\x64\debug\raytracer7.tlog\link.read.1.tlog
d:\gmt\advanced graphics\gitsaves\raytracer0\raytracer7\x64\debug\raytracer7.tlog\link.write.1.tlog
d:\gmt\advanced graphics\gitsaves\raytracer0\raytracer7\x64\debug\raytracer7.tlog\metagen.read.1.tlog
d:\gmt\advanced graphics\gitsaves\raytracer0\raytracer7\x64\debug\raytracer7.tlog\metagen.write.1.tlog
d:\gmt\advanced graphics\gitsaves\raytracer0\raytracer7\x64\debug\raytracer7.tlog\raytracer7.write.1u.tlog
d:\gmt\advanced graphics\gitsaves\raytracer0\raytracer7\x64\debug\raytracer7.tlog\tzres.dll.bi
