  algebra.cpp
  MyForm.cpp
d:\gmt\advanced graphics\gitsaves\raytracer0\raytracer7\Vect.h(12): warning C4244: 'return': conversion from 'double' to 'float', possible loss of data
d:\gmt\advanced graphics\gitsaves\raytracer0\raytracer7\Vect.h(77): warning C4244: 'argument': conversion from 'double' to 'const float', possible loss of data
d:\gmt\advanced graphics\gitsaves\raytracer0\raytracer7\Vect.h(95): warning C4244: 'argument': conversion from 'double' to 'const float', possible loss of data
d:\gmt\advanced graphics\gitsaves\raytracer0\raytracer7\Vect.h(111): warning C4244: 'argument': conversion from 'double' to 'const float', possible loss of data
d:\gmt\advanced graphics\gitsaves\raytracer0\raytracer7\AccelerationStructure.h(52): warning C4244: '=': conversion from 'double' to 'float', possible loss of data
d:\gmt\advanced graphics\gitsaves\raytracer0\raytracer7\BVH.h(259): warning C4244: 'initializing': conversion from 'double' to 'float', possible loss of data
d:\gmt\advanced graphics\gitsaves\raytracer0\raytracer7\BVH.h(313): warning C4244: '=': conversion from 'double' to 'float', possible loss of data
d:\gmt\advanced graphics\gitsaves\raytracer0\raytracer7\BVH.h(314): warning C4244: '=': conversion from 'double' to 'float', possible loss of data
d:\gmt\advanced graphics\gitsaves\raytracer0\raytracer7\BVH.h(351): warning C4244: '=': conversion from 'double' to 'float', possible loss of data
d:\gmt\advanced graphics\gitsaves\raytracer0\raytracer7\Renderer.h(162): warning C4838: conversion from 'int' to 'unsigned char' requires a narrowing conversion
d:\gmt\advanced graphics\gitsaves\raytracer0\raytracer7\Renderer.h(300): warning C4244: 'initializing': conversion from 'double' to 'float', possible loss of data
d:\gmt\advanced graphics\gitsaves\raytracer0\raytracer7\Renderer.h(306): warning C4244: 'initializing': conversion from 'double' to 'float', possible loss of data
d:\gmt\advanced graphics\gitsaves\raytracer0\raytracer7\Renderer.h(455): warning C4244: 'argument': conversion from 'time_t' to 'unsigned int', possible loss of data
  Generating Code...
d:\gmt\advanced graphics\gitsaves\raytracer0\raytracer7\opencv\include\opencv2\core\cvstd.hpp(575): warning C4793: 'cv::String::String': function compiled as native:
  	Found an intrinsic not supported in managed code
d:\gmt\advanced graphics\gitsaves\raytracer0\raytracer7\opencv\include\opencv2\core\cuda.inl.hpp(105): warning C4793: 'cv::cuda::GpuMat::GpuMat': function compiled as native:
  	Found an intrinsic not supported in managed code
d:\gmt\advanced graphics\gitsaves\raytracer0\raytracer7\opencv\include\opencv2\core\cuda.inl.hpp(395): warning C4793: 'cv::cuda::HostMem::HostMem': function compiled as native:
  	Found an intrinsic not supported in managed code
d:\gmt\advanced graphics\gitsaves\raytracer0\raytracer7\opencv\include\opencv2\core\mat.inl.hpp(482): warning C4793: 'cv::Mat::Mat': function compiled as native:
  	Found an intrinsic not supported in managed code
d:\gmt\advanced graphics\gitsaves\raytracer0\raytracer7\opencv\include\opencv2\core\mat.inl.hpp(803): warning C4793: 'cv::Mat::release': function compiled as native:
  	Found an intrinsic not supported in managed code
d:\gmt\advanced graphics\gitsaves\raytracer0\raytracer7\opencv\include\opencv2\core\mat.inl.hpp(2118): warning C4793: 'cv::SparseMat::addref': function compiled as native:
  	Found an intrinsic not supported in managed code
d:\gmt\advanced graphics\gitsaves\raytracer0\raytracer7\opencv\include\opencv2\core\mat.inl.hpp(3718): warning C4793: 'cv::UMat::addref': function compiled as native:
  	Found an intrinsic not supported in managed code
d:\gmt\advanced graphics\gitsaves\raytracer0\raytracer7\opencv\include\opencv2\core\ptr.inl.hpp(67): warning C4793: 'cv::detail::PtrOwner::incRef': function compiled as native:
  	Found an intrinsic not supported in managed code
d:\gmt\advanced graphics\gitsaves\raytracer0\raytracer7\opencv\include\opencv2\core\ptr.inl.hpp(72): warning C4793: 'cv::detail::PtrOwner::decRef': function compiled as native:
  	Found an intrinsic not supported in managed code
d:\gmt\advanced graphics\gitsaves\raytracer0\raytracer7\opencv\include\opencv2\core\cvstd.hpp(657): warning C4793: 'cv::String::operator=': function compiled as native:
  	Found an intrinsic not supported in managed code
  .NETFramework,Version=v4.5.2.AssemblyAttributes.cpp
  algebra.obj : /DEBUG:FASTLINK is not supported when managed code is present; restarting link with /DEBUG:FULL
  RayTracer7.vcxproj -> D:\GMT\Advanced Graphics\GitSaves\RayTracer0\x64\Debug\RayTracer7.exe
  RayTracer7.vcxproj -> D:\GMT\Advanced Graphics\GitSaves\RayTracer0\x64\Debug\RayTracer7.pdb (Partial PDB)
